C:\Users\shmid\AppData\Local\Programs\Python\Python313\Lib\contextlib.py:109: FutureWarning: `torch.backends.cuda.sdp_kernel()` is deprecated. In the future, this context manager will be removed. Please see `torch.nn.attention.sdpa_kernel()` for the new context manager, with updated signature.
  self.gen = func(*args, **kwds)
C:\Users\shmid\AppData\Local\Programs\Python\Python313\Lib\contextlib.py:109: FutureWarning: `torch.backends.cuda.sdp_kernel()` is deprecated. In the future, this context manager will be removed. Please see `torch.nn.attention.sdpa_kernel()` for the new context manager, with updated signature.
  self.gen = func(*args, **kwds)
W0530 15:22:46.077000 23776 site-packages\torch\_dynamo\variables\tensor.py:1379] [3/0] Graph break from `Tensor.item()`, consider setting:
W0530 15:22:46.077000 23776 site-packages\torch\_dynamo\variables\tensor.py:1379] [3/0]     torch._dynamo.config.capture_scalar_outputs = True
W0530 15:22:46.077000 23776 site-packages\torch\_dynamo\variables\tensor.py:1379] [3/0] or:
W0530 15:22:46.077000 23776 site-packages\torch\_dynamo\variables\tensor.py:1379] [3/0]     env TORCHDYNAMO_CAPTURE_SCALAR_OUTPUTS=1
W0530 15:22:46.077000 23776 site-packages\torch\_dynamo\variables\tensor.py:1379] [3/0] to include these operations in the captured graph.
W0530 15:22:46.077000 23776 site-packages\torch\_dynamo\variables\tensor.py:1379] [3/0] 
W0530 15:22:46.077000 23776 site-packages\torch\_dynamo\variables\tensor.py:1379] [3/0] Graph break: from user code at:
W0530 15:22:46.077000 23776 site-packages\torch\_dynamo\variables\tensor.py:1379] [3/0]   File "E:\HAGI\src\hagi\model\gdr.py", line 110, in forward
W0530 15:22:46.077000 23776 site-packages\torch\_dynamo\variables\tensor.py:1379] [3/0]     geo_scalar, geo_bivector = self.geometric_interaction(vector_new)
W0530 15:22:46.077000 23776 site-packages\torch\_dynamo\variables\tensor.py:1379] [3/0]   File "E:\HAGI\src\hagi\model\gdr.py", line 92, in geometric_interaction
W0530 15:22:46.077000 23776 site-packages\torch\_dynamo\variables\tensor.py:1379] [3/0]     prod = geometric_product(mv, mv)  # [..., n_mv, 8]
W0530 15:22:46.077000 23776 site-packages\torch\_dynamo\variables\tensor.py:1379] [3/0]   File "E:\HAGI\src\hagi\model\clifford.py", line 86, in geometric_product
W0530 15:22:46.077000 23776 site-packages\torch\_dynamo\variables\tensor.py:1379] [3/0]     c = int(_OUT_INDEX[a, b])
W0530 15:22:46.077000 23776 site-packages\torch\_dynamo\variables\tensor.py:1379] [3/0] 
W0530 15:22:46.077000 23776 site-packages\torch\_dynamo\variables\tensor.py:1379] [3/0] 
W0530 15:22:50.375000 23776 site-packages\torch\_inductor\utils.py:1731] [6/0] Not enough SMs to use max_autotune_gemm mode
C:\Users\shmid\AppData\Local\Programs\Python\Python313\Lib\contextlib.py:109: FutureWarning: `torch.backends.cuda.sdp_kernel()` is deprecated. In the future, this context manager will be removed. Please see `torch.nn.attention.sdpa_kernel()` for the new context manager, with updated signature.
  self.gen = func(*args, **kwds)
C:\Users\shmid\AppData\Local\Programs\Python\Python313\Lib\contextlib.py:109: FutureWarning: `torch.backends.cuda.sdp_kernel()` is deprecated. In the future, this context manager will be removed. Please see `torch.nn.attention.sdpa_kernel()` for the new context manager, with updated signature.
  self.gen = func(*args, **kwds)
C:\Users\shmid\AppData\Local\Programs\Python\Python313\Lib\contextlib.py:109: FutureWarning: `torch.backends.cuda.sdp_kernel()` is deprecated. In the future, this context manager will be removed. Please see `torch.nn.attention.sdpa_kernel()` for the new context manager, with updated signature.
  self.gen = func(*args, **kwds)
step      0 | loss 321.1214 | lr 2.00e-06 | tokens/sec 200 | gpu_util n/a
step     25 | loss 69.7180 | lr 5.20e-05 | tokens/sec 2639 | gpu_util n/a
step     50 | loss 48.9758 | lr 1.02e-04 | tokens/sec 2767 | gpu_util n/a
step     75 | loss 45.2549 | lr 1.52e-04 | tokens/sec 2726 | gpu_util n/a
step    100 | loss 42.7313 | lr 2.02e-04 | tokens/sec 2696 | gpu_util n/a
step    125 | loss 41.0867 | lr 2.52e-04 | tokens/sec 2770 | gpu_util n/a
step    150 | loss 40.3197 | lr 3.02e-04 | tokens/sec 2796 | gpu_util n/a
step    175 | loss 34.9257 | lr 3.52e-04 | tokens/sec 2722 | gpu_util n/a
step    200 | loss 78.0450 | lr 4.02e-04 | tokens/sec 2747 | gpu_util n/a
step    225 | loss 34.5091 | lr 4.52e-04 | tokens/sec 2779 | gpu_util n/a
step    250 | loss 31.1827 | lr 5.02e-04 | tokens/sec 2774 | gpu_util n/a
step    275 | loss 26.0560 | lr 5.52e-04 | tokens/sec 2808 | gpu_util n/a
step    300 | loss 23.6913 | lr 6.02e-04 | tokens/sec 2683 | gpu_util n/a
step    325 | loss 20.6059 | lr 6.52e-04 | tokens/sec 2714 | gpu_util n/a
step    350 | loss 19.2519 | lr 7.02e-04 | tokens/sec 2789 | gpu_util n/a
step    375 | loss 15.8073 | lr 7.52e-04 | tokens/sec 2786 | gpu_util n/a
step    400 | loss 14.6645 | lr 8.02e-04 | tokens/sec 2794 | gpu_util n/a
step    425 | loss 12.3617 | lr 8.52e-04 | tokens/sec 2780 | gpu_util n/a
step    450 | loss 13.1070 | lr 9.02e-04 | tokens/sec 2764 | gpu_util n/a
step    475 | loss 10.4577 | lr 9.52e-04 | tokens/sec 2645 | gpu_util n/a
step    500 | loss 10.9582 | lr 1.00e-03 | tokens/sec 2748 | gpu_util n/a
step    525 | loss 10.2633 | lr 9.94e-04 | tokens/sec 2732 | gpu_util n/a
step    550 | loss 9.3596 | lr 9.78e-04 | tokens/sec 2651 | gpu_util n/a
step    575 | loss 8.7936 | lr 9.51e-04 | tokens/sec 2783 | gpu_util n/a
step    600 | loss 9.1841 | lr 9.14e-04 | tokens/sec 2844 | gpu_util n/a
step    625 | loss 8.3916 | lr 8.68e-04 | tokens/sec 2733 | gpu_util n/a
step    650 | loss 7.9567 | lr 8.15e-04 | tokens/sec 2839 | gpu_util n/a
step    675 | loss 8.3614 | lr 7.54e-04 | tokens/sec 2823 | gpu_util n/a
step    700 | loss 7.3857 | lr 6.89e-04 | tokens/sec 2733 | gpu_util n/a
step    725 | loss 7.7960 | lr 6.20e-04 | tokens/sec 2767 | gpu_util n/a
step    750 | loss 7.1347 | lr 5.50e-04 | tokens/sec 2831 | gpu_util n/a
step    775 | loss 7.2105 | lr 4.80e-04 | tokens/sec 2637 | gpu_util n/a
step    800 | loss 6.9320 | lr 4.11e-04 | tokens/sec 2749 | gpu_util n/a
step    825 | loss 6.5877 | lr 3.46e-04 | tokens/sec 2825 | gpu_util n/a
step    850 | loss 6.8548 | lr 2.85e-04 | tokens/sec 2742 | gpu_util n/a
step    875 | loss 7.0162 | lr 2.32e-04 | tokens/sec 2824 | gpu_util n/a
step    900 | loss 7.1945 | lr 1.86e-04 | tokens/sec 2808 | gpu_util n/a
step    925 | loss 7.0504 | lr 1.49e-04 | tokens/sec 2762 | gpu_util n/a
step    950 | loss 6.3307 | lr 1.22e-04 | tokens/sec 2847 | gpu_util n/a
step    975 | loss 6.0673 | lr 1.06e-04 | tokens/sec 2852 | gpu_util n/a
checkpoint -> checkpoints\rtx3070_fast3\step-00001000.pt
final_loss 6.3144 | avg_tokens/sec 2725
